<?xml version="1.0" encoding="UTF-8"?>
<!-- Generated by org.testng.reporters.JUnitReportReporter -->
<testsuite skipped="0" hostname="Admin-PC" name="com.test.cnqaos.testcases.trainings.teststs" tests="1" failures="0" timestamp="06 Feb 2019 10:04:55 GMT" time="10.837" errors="0">
  <testcase name="test" time="10.837" classname="com.test.cnqaos.testcases.trainings.teststs"/>
</testsuite> <!-- com.test.cnqaos.testcases.trainings.teststs -->
