<?xml version="1.0" encoding="UTF-8"?>
<!-- Generated by org.testng.reporters.JUnitReportReporter -->
<testsuite skipped="2" hostname="Admin-PC" name="com.test.cnqaos.testcases.TestngValidation" tests="3" failures="0" timestamp="25 Jan 2019 05:32:47 GMT" time="0.006" errors="0">
  <testcase name="testcase3" time="0.006" classname="com.test.cnqaos.testcases.TestngValidation"/>
  <testcase name="testcase2" classname="com.test.cnqaos.testcases.TestngValidation">
    <skipped/>
  </testcase> <!-- testcase2 -->
  <testcase name="testcase" classname="com.test.cnqaos.testcases.TestngValidation">
    <skipped/>
  </testcase> <!-- testcase -->
</testsuite> <!-- com.test.cnqaos.testcases.TestngValidation -->
