<?xml version="1.0" encoding="UTF-8"?>
<!-- Generated by org.testng.reporters.JUnitReportReporter -->
<testsuite skipped="0" hostname="Admin-PC" name="com.test.cnqaos.testcases.LoginTest" tests="1" failures="0" timestamp="23 Jan 2019 12:16:00 GMT" time="8.072" errors="0">
  <testcase name="validLoginTestCaseOne" time="8.072" classname="com.test.cnqaos.testcases.LoginTest"/>
</testsuite> <!-- com.test.cnqaos.testcases.LoginTest -->
