<?xml version="1.0" encoding="UTF-8"?>
<!-- Generated by org.testng.reporters.JUnitReportReporter -->
<testsuite skipped="0" hostname="Admin-PC" name="com.test.cnqaos.testcases.users.AddStudentTest" tests="7" failures="0" timestamp="02 Apr 2019 08:59:20 GMT" time="193.274" errors="0">
  <testcase name="addStudentTest" time="27.489" classname="com.test.cnqaos.testcases.users.AddStudentTest"/>
  <testcase name="addStudentTest" time="27.132" classname="com.test.cnqaos.testcases.users.AddStudentTest"/>
  <testcase name="addStudentTest" time="26.920" classname="com.test.cnqaos.testcases.users.AddStudentTest"/>
  <testcase name="addStudentTest" time="26.581" classname="com.test.cnqaos.testcases.users.AddStudentTest"/>
  <testcase name="addStudentTest" time="29.221" classname="com.test.cnqaos.testcases.users.AddStudentTest"/>
  <testcase name="addStudentTest" time="28.362" classname="com.test.cnqaos.testcases.users.AddStudentTest"/>
  <testcase name="addStudentTest" time="27.569" classname="com.test.cnqaos.testcases.users.AddStudentTest"/>
</testsuite> <!-- com.test.cnqaos.testcases.users.AddStudentTest -->
