<?xml version="1.0" encoding="UTF-8"?>
<!-- Generated by org.testng.reporters.JUnitReportReporter -->
<testsuite skipped="0" hostname="Admin-PC" name="com.test.cnqaos.testcases.AddStudentTest" tests="1" failures="0" timestamp="21 Jan 2019 06:49:51 GMT" time="32.217" errors="0">
  <testcase name="addStudentTest" time="32.217" classname="com.test.cnqaos.testcases.AddStudentTest"/>
</testsuite> <!-- com.test.cnqaos.testcases.AddStudentTest -->
