<?xml version="1.0" encoding="UTF-8"?>
<!-- Generated by org.testng.reporters.JUnitReportReporter -->
<testsuite skipped="0" hostname="Admin-PC" name="com.test.cnqaos.testcases.trainings.TrainingContentTest" tests="4" failures="0" timestamp="11 Feb 2019 09:19:03 GMT" time="56.830" errors="0">
  <testcase name="addTrainingTest" time="15.790" classname="com.test.cnqaos.testcases.trainings.TrainingContentTest"/>
  <testcase name="addActivityTest" time="13.272" classname="com.test.cnqaos.testcases.trainings.TrainingContentTest"/>
  <testcase name="addModuleTest" time="15.022" classname="com.test.cnqaos.testcases.trainings.TrainingContentTest"/>
  <testcase name="addSubModuleTest" time="12.746" classname="com.test.cnqaos.testcases.trainings.TrainingContentTest"/>
</testsuite> <!-- com.test.cnqaos.testcases.trainings.TrainingContentTest -->
