<?xml version="1.0" encoding="UTF-8"?>
<!-- Generated by org.testng.reporters.JUnitReportReporter -->
<testsuite skipped="0" hostname="Admin-PC" name="com.test.cnqaos.testcases.AddUserTest" tests="2" failures="0" timestamp="18 Jan 2019 10:21:22 GMT" time="20.451" errors="0">
  <testcase name="addUsersTest" time="9.928" classname="com.test.cnqaos.testcases.AddUserTest"/>
  <testcase name="addUsersTest" time="10.523" classname="com.test.cnqaos.testcases.AddUserTest"/>
</testsuite> <!-- com.test.cnqaos.testcases.AddUserTest -->
