<?xml version="1.0" encoding="UTF-8"?>
<!-- Generated by org.testng.reporters.JUnitReportReporter -->
<testsuite skipped="0" hostname="Admin-PC" name="com.test.cnqaos.testcases.AddUserTest" tests="2" failures="0" timestamp="28 Jan 2019 10:48:52 GMT" time="21.312" errors="0">
  <testcase name="addUsersTest" time="11.006" classname="com.test.cnqaos.testcases.AddUserTest"/>
  <testcase name="addUsersTest" time="10.306" classname="com.test.cnqaos.testcases.AddUserTest"/>
</testsuite> <!-- com.test.cnqaos.testcases.AddUserTest -->
