<?xml version="1.0" encoding="UTF-8"?>
<!-- Generated by org.testng.reporters.JUnitReportReporter -->
<testsuite skipped="0" hostname="Admin-PC" name="com.test.cnqaos.testcases.LoginTest" tests="2" failures="0" timestamp="30 Jan 2019 09:26:09 GMT" time="21.446" errors="0">
  <testcase name="validLoginTestCaseOne" time="10.041" classname="com.test.cnqaos.testcases.LoginTest"/>
  <testcase name="validLoginTestCaseOne" time="11.405" classname="com.test.cnqaos.testcases.LoginTest"/>
</testsuite> <!-- com.test.cnqaos.testcases.LoginTest -->
