<?xml version="1.0" encoding="UTF-8"?>
<!-- Generated by org.testng.reporters.JUnitReportReporter -->
<testsuite skipped="1" hostname="Admin-PC" name="com.test.cnqaos.testcases.trainings.TrainingCalendarTest" tests="2" failures="0" timestamp="19 Feb 2019 06:00:52 GMT" time="19.716" errors="0">
  <testcase name="addModuleCalendarTest" time="19.716" classname="com.test.cnqaos.testcases.trainings.TrainingCalendarTest"/>
  <testcase name="addTrainingCalendarTest" classname="com.test.cnqaos.testcases.trainings.TrainingCalendarTest">
    <skipped/>
  </testcase> <!-- addTrainingCalendarTest -->
</testsuite> <!-- com.test.cnqaos.testcases.trainings.TrainingCalendarTest -->
