<?xml version="1.0" encoding="UTF-8"?>
<!-- Generated by org.testng.reporters.JUnitReportReporter -->
<testsuite skipped="0" hostname="Admin-PC" name="com.test.cnqaos.testcases.AddStudentTest" tests="7" failures="0" timestamp="23 Jan 2019 07:06:15 GMT" time="146.711" errors="0">
  <testcase name="addStudentTest" time="21.522" classname="com.test.cnqaos.testcases.AddStudentTest"/>
  <testcase name="addStudentTest" time="18.812" classname="com.test.cnqaos.testcases.AddStudentTest"/>
  <testcase name="addStudentTest" time="20.782" classname="com.test.cnqaos.testcases.AddStudentTest"/>
  <testcase name="addStudentTest" time="22.436" classname="com.test.cnqaos.testcases.AddStudentTest"/>
  <testcase name="addStudentTest" time="20.090" classname="com.test.cnqaos.testcases.AddStudentTest"/>
  <testcase name="addStudentTest" time="20.569" classname="com.test.cnqaos.testcases.AddStudentTest"/>
  <testcase name="addStudentTest" time="22.500" classname="com.test.cnqaos.testcases.AddStudentTest"/>
</testsuite> <!-- com.test.cnqaos.testcases.AddStudentTest -->
