<?xml version="1.0" encoding="UTF-8"?>
<!-- Generated by org.testng.reporters.JUnitReportReporter -->
<testsuite skipped="0" hostname="Admin-PC" name="com.test.cnqaos.testcases.trainings.TrainingContentMappingTest" tests="1" failures="0" timestamp="25 Feb 2019 11:36:35 GMT" time="106.465" errors="0">
  <testcase name="mapingActivityToTraining" time="106.465" classname="com.test.cnqaos.testcases.trainings.TrainingContentMappingTest"/>
</testsuite> <!-- com.test.cnqaos.testcases.trainings.TrainingContentMappingTest -->
