<?xml version="1.0" encoding="UTF-8"?>
<!-- Generated by org.testng.reporters.JUnitReportReporter -->
<testsuite skipped="1" hostname="Admin-PC" name="com.test.cnqaos.testcases.EditUserTest" tests="2" failures="0" timestamp="29 Jan 2019 07:04:01 GMT" time="22.786" errors="0">
  <testcase name="tryToUpdateUserRecordButCancelIt" time="22.786" classname="com.test.cnqaos.testcases.EditUserTest"/>
  <testcase name="updateUserRecordTest" classname="com.test.cnqaos.testcases.EditUserTest">
    <skipped/>
  </testcase> <!-- updateUserRecordTest -->
</testsuite> <!-- com.test.cnqaos.testcases.EditUserTest -->
