<?xml version="1.0" encoding="UTF-8"?>
<!-- Generated by org.testng.reporters.JUnitReportReporter -->
<testsuite skipped="0" hostname="Admin-PC" name="com.test.cnqaos.testcases.LoginTest" tests="3" failures="0" timestamp="18 Jan 2019 07:21:49 GMT" time="24.253" errors="0">
  <testcase name="validLoginTestCaseOne" time="9.142" classname="com.test.cnqaos.testcases.LoginTest"/>
  <testcase name="validLoginTestCaseOne" time="7.301" classname="com.test.cnqaos.testcases.LoginTest"/>
  <testcase name="validLoginTestCaseOne" time="7.810" classname="com.test.cnqaos.testcases.LoginTest"/>
</testsuite> <!-- com.test.cnqaos.testcases.LoginTest -->
