<?xml version="1.0" encoding="UTF-8"?>
<!-- Generated by org.testng.reporters.JUnitReportReporter -->
<testsuite skipped="0" hostname="Admin-PC" name="com.cnqaos.pages.trainings.TrainingContentMappingPage" tests="1" failures="0" timestamp="19 Feb 2019 09:18:40 GMT" time="11.752" errors="0">
  <testcase name="mapingActivityToTraining" time="11.752" classname="com.cnqaos.pages.trainings.TrainingContentMappingPage"/>
</testsuite> <!-- com.cnqaos.pages.trainings.TrainingContentMappingPage -->
