<?xml version="1.0" encoding="UTF-8"?>
<!-- Generated by org.testng.reporters.JUnitReportReporter -->
<testsuite skipped="0" hostname="Admin-PC" name="com.test.cnqaos.testcases.SampletestingActivity" tests="1" failures="0" timestamp="24 Jan 2019 09:42:55 GMT" time="0.011" errors="0">
  <testcase name="test" time="0.011" classname="com.test.cnqaos.testcases.SampletestingActivity"/>
</testsuite> <!-- com.test.cnqaos.testcases.SampletestingActivity -->
